{"C:\\Users\\alexs\\OneDrive\\Escritorio\\Proyectos\\Ejemplos\\lms-backend\\src\\config\\db.js": {"path":"C:\\Users\\alexs\\OneDrive\\Escritorio\\Proyectos\\Ejemplos\\lms-backend\\src\\config\\db.js","statementMap":{"0":{"start":{"line":2,"column":14},"end":{"line":2,"column":31}},"1":{"start":{"line":3,"column":0},"end":{"line":3,"column":27}},"2":{"start":{"line":5,"column":13},"end":{"line":12,"column":12}},"3":{"start":{"line":14,"column":0},"end":{"line":14,"column":22}}},"fnMap":{},"branchMap":{},"s":{"0":1,"1":1,"2":1,"3":1},"f":{},"b":{},"_coverageSchema":"1a1c01bbd47fc00a2c39e90264f33305004495a9","hash":"bc9ba432513c34161a1e3635a27e8413313bddd6"}
,"C:\\Users\\alexs\\OneDrive\\Escritorio\\Proyectos\\Ejemplos\\lms-backend\\src\\models\\Files.js": {"path":"C:\\Users\\alexs\\OneDrive\\Escritorio\\Proyectos\\Ejemplos\\lms-backend\\src\\models\\Files.js","statementMap":{"0":{"start":{"line":1,"column":13},"end":{"line":1,"column":36}},"1":{"start":{"line":3,"column":13},"end":{"line":76,"column":1}},"2":{"start":{"line":5,"column":17},"end":{"line":5,"column":43}},"3":{"start":{"line":6,"column":4},"end":{"line":25,"column":5}},"4":{"start":{"line":7,"column":23},"end":{"line":18,"column":7}},"5":{"start":{"line":19,"column":6},"end":{"line":19,"column":29}},"6":{"start":{"line":21,"column":6},"end":{"line":21,"column":52}},"7":{"start":{"line":22,"column":6},"end":{"line":22,"column":18}},"8":{"start":{"line":24,"column":6},"end":{"line":24,"column":21}},"9":{"start":{"line":28,"column":17},"end":{"line":28,"column":43}},"10":{"start":{"line":29,"column":4},"end":{"line":36,"column":5}},"11":{"start":{"line":30,"column":21},"end":{"line":32,"column":8}},"12":{"start":{"line":33,"column":6},"end":{"line":33,"column":46}},"13":{"start":{"line":35,"column":6},"end":{"line":35,"column":21}},"14":{"start":{"line":40,"column":17},"end":{"line":40,"column":43}},"15":{"start":{"line":41,"column":4},"end":{"line":49,"column":5}},"16":{"start":{"line":42,"column":21},"end":{"line":45,"column":7}},"17":{"start":{"line":46,"column":6},"end":{"line":46,"column":18}},"18":{"start":{"line":48,"column":6},"end":{"line":48,"column":21}},"19":{"start":{"line":53,"column":17},"end":{"line":53,"column":43}},"20":{"start":{"line":54,"column":4},"end":{"line":62,"column":5}},"21":{"start":{"line":55,"column":21},"end":{"line":58,"column":7}},"22":{"start":{"line":59,"column":6},"end":{"line":59,"column":18}},"23":{"start":{"line":61,"column":6},"end":{"line":61,"column":21}},"24":{"start":{"line":66,"column":17},"end":{"line":66,"column":43}},"25":{"start":{"line":67,"column":4},"end":{"line":74,"column":5}},"26":{"start":{"line":68,"column":21},"end":{"line":70,"column":8}},"27":{"start":{"line":71,"column":6},"end":{"line":71,"column":37}},"28":{"start":{"line":73,"column":6},"end":{"line":73,"column":21}},"29":{"start":{"line":78,"column":0},"end":{"line":78,"column":22}}},"fnMap":{"0":{"name":"(anonymous_0)","decl":{"start":{"line":4,"column":2},"end":{"line":4,"column":3}},"loc":{"start":{"line":4,"column":25},"end":{"line":26,"column":3}},"line":4},"1":{"name":"(anonymous_1)","decl":{"start":{"line":27,"column":2},"end":{"line":27,"column":3}},"loc":{"start":{"line":27,"column":24},"end":{"line":37,"column":3}},"line":27},"2":{"name":"(anonymous_2)","decl":{"start":{"line":39,"column":2},"end":{"line":39,"column":3}},"loc":{"start":{"line":39,"column":32},"end":{"line":50,"column":3}},"line":39},"3":{"name":"(anonymous_3)","decl":{"start":{"line":52,"column":2},"end":{"line":52,"column":3}},"loc":{"start":{"line":52,"column":36},"end":{"line":63,"column":3}},"line":52},"4":{"name":"(anonymous_4)","decl":{"start":{"line":65,"column":2},"end":{"line":65,"column":3}},"loc":{"start":{"line":65,"column":23},"end":{"line":75,"column":3}},"line":65}},"branchMap":{"0":{"loc":{"start":{"line":33,"column":13},"end":{"line":33,"column":45}},"type":"cond-expr","locations":[{"start":{"line":33,"column":31},"end":{"line":33,"column":38}},{"start":{"line":33,"column":41},"end":{"line":33,"column":45}}],"line":33}},"s":{"0":1,"1":1,"2":1,"3":0,"4":0,"5":0,"6":0,"7":0,"8":0,"9":0,"10":0,"11":0,"12":0,"13":0,"14":0,"15":0,"16":0,"17":0,"18":0,"19":0,"20":0,"21":0,"22":0,"23":0,"24":0,"25":0,"26":0,"27":0,"28":0,"29":1},"f":{"0":1,"1":0,"2":0,"3":0,"4":0},"b":{"0":[0,0]},"_coverageSchema":"1a1c01bbd47fc00a2c39e90264f33305004495a9","hash":"b1fc2bb2fd030101a0aba0a125910b5cd20c8d48"}
}
